d:\源码4.1.1（伪彩+配准）\源码4.2（半完成） - 副本\遥感图像配准系统\x64\release\遥感图像配准系统.pch
d:\源码4.1.1（伪彩+配准）\源码4.2（半完成） - 副本\遥感图像配准系统\x64\release\vc140.pdb
d:\源码4.1.1（伪彩+配准）\源码4.2（半完成） - 副本\遥感图像配准系统\x64\release\stdafx.obj
d:\源码4.1.1（伪彩+配准）\源码4.2（半完成） - 副本\遥感图像配准系统\x64\release\遥感图像配准系统.obj
d:\源码4.1.1（伪彩+配准）\源码4.2（半完成） - 副本\遥感图像配准系统\x64\release\rsiview.obj
d:\源码4.1.1（伪彩+配准）\源码4.2（半完成） - 副本\遥感图像配准系统\x64\release\rsidoc.obj
d:\源码4.1.1（伪彩+配准）\源码4.2（半完成） - 副本\遥感图像配准系统\x64\release\mycpoint.obj
d:\源码4.1.1（伪彩+配准）\源码4.2（半完成） - 副本\遥感图像配准系统\x64\release\mainfrm.obj
d:\源码4.1.1（伪彩+配准）\源码4.2（半完成） - 副本\遥感图像配准系统\x64\release\dlgreg.obj
d:\源码4.1.1（伪彩+配准）\源码4.2（半完成） - 副本\遥感图像配准系统\x64\release\dlgenhance.obj
d:\源码4.1.1（伪彩+配准）\源码4.2（半完成） - 副本\遥感图像配准系统\x64\release\dlgcor.obj
d:\源码4.1.1（伪彩+配准）\源码4.2（半完成） - 副本\遥感图像配准系统\x64\release\dlgaftreg.obj
d:\源码4.1.1（伪彩+配准）\源码4.2（半完成） - 副本\遥感图像配准系统\x64\release\dibshow.obj
d:\源码4.1.1（伪彩+配准）\源码4.2（半完成） - 副本\遥感图像配准系统\x64\release\dibprcs.obj
d:\源码4.1.1（伪彩+配准）\源码4.2（半完成） - 副本\遥感图像配准系统\x64\release\choseshow.obj
d:\源码4.1.1（伪彩+配准）\源码4.2（半完成） - 副本\遥感图像配准系统\x64\release\chooseband.obj
d:\源码4.1.1（伪彩+配准）\源码4.2（半完成） - 副本\遥感图像配准系统\x64\release\childfrm.obj
d:\源码4.1.1（伪彩+配准）\源码4.2（半完成） - 副本\遥感图像配准系统\x64\release\cgisimage.obj
d:\源码4.1.1（伪彩+配准）\源码4.2（半完成） - 副本\遥感图像配准系统\x64\release\cdibt.obj
d:\源码4.1.1（伪彩+配准）\源码4.2（半完成） - 副本\遥感图像配准系统\x64\release\cdib.obj
d:\源码4.1.1（伪彩+配准）\源码4.2（半完成） - 副本\遥感图像配准系统\x64\release\遥感图像配准系统.res
d:\源码4.1.1（伪彩+配准）\源码4.2（半完成） - 副本\遥感图像配准系统\x64\release\遥感图像配准系统.tlog\cl.command.1.tlog
d:\源码4.1.1（伪彩+配准）\源码4.2（半完成） - 副本\遥感图像配准系统\x64\release\遥感图像配准系统.tlog\cl.read.1.tlog
d:\源码4.1.1（伪彩+配准）\源码4.2（半完成） - 副本\遥感图像配准系统\x64\release\遥感图像配准系统.tlog\cl.write.1.tlog
d:\源码4.1.1（伪彩+配准）\源码4.2（半完成） - 副本\遥感图像配准系统\x64\release\遥感图像配准系统.tlog\link.command.1.tlog
d:\源码4.1.1（伪彩+配准）\源码4.2（半完成） - 副本\遥感图像配准系统\x64\release\遥感图像配准系统.tlog\link.read.1.tlog
d:\源码4.1.1（伪彩+配准）\源码4.2（半完成） - 副本\遥感图像配准系统\x64\release\遥感图像配准系统.tlog\link.write.1.tlog
d:\源码4.1.1（伪彩+配准）\源码4.2（半完成） - 副本\遥感图像配准系统\x64\release\遥感图像配准系统.tlog\rc.command.1.tlog
d:\源码4.1.1（伪彩+配准）\源码4.2（半完成） - 副本\遥感图像配准系统\x64\release\遥感图像配准系统.tlog\rc.read.1.tlog
d:\源码4.1.1（伪彩+配准）\源码4.2（半完成） - 副本\遥感图像配准系统\x64\release\遥感图像配准系统.tlog\rc.write.1.tlog
